<?xml version="1.0" encoding="UTF-8"?>
<!-- Generated by org.testng.reporters.JUnitReportReporter -->
<testsuite hostname="BA-000311899" failures="0" tests="1" name="extentReport.Test1" time="6.251" errors="0" timestamp="2023-01-23T10:29:42 IST" skipped="0">
  <testcase classname="extentReport.Test1" name="extentReportsDemo" time="6.251"/>
  <system-out/>
</testsuite> <!-- extentReport.Test1 -->
