<?xml version="1.0" encoding="UTF-8"?>
<!-- Generated by org.testng.reporters.JUnitReportReporter -->
<testsuite hostname="BA-000311899" failures="0" tests="1" name="com.telus.testcases.Seleniumcode" time="6.478" errors="0" timestamp="2023-01-04T16:35:17 IST" skipped="0">
  <testcase classname="com.telus.testcases.Seleniumcode" name="Shopping" time="6.478"/>
  <system-out/>
</testsuite> <!-- com.telus.testcases.Seleniumcode -->
