<?xml version="1.0" encoding="UTF-8"?>
<!-- Generated by org.testng.reporters.JUnitReportReporter -->
<testsuite hostname="BA-000311899" failures="0" tests="8" name="com.telus.testcases.TestMethodsTest" time="13.713" errors="0" timestamp="2023-01-06T12:34:21 IST" skipped="6">
  <testcase classname="com.telus.testcases.TestMethodsTest" name="Sheet1" time="12.987"/>
  <system-out/>
  <testcase classname="com.telus.testcases.TestMethodsTest" name="closeApplicstion" time="0.726"/>
  <system-out/>
  <testcase classname="com.telus.testcases.TestMethodsTest" name="productSelection">
    <skipped/>
  </testcase> <!-- productSelection -->
  <system-out/>
  <testcase classname="com.telus.testcases.TestMethodsTest" name="logo">
    <skipped/>
  </testcase> <!-- logo -->
  <system-out/>
  <testcase classname="com.telus.testcases.TestMethodsTest" name="dropDown">
    <skipped/>
  </testcase> <!-- dropDown -->
  <system-out/>
  <testcase classname="com.telus.testcases.TestMethodsTest" name="links">
    <skipped/>
  </testcase> <!-- links -->
  <system-out/>
  <testcase classname="com.telus.testcases.TestMethodsTest" name="mensProductsName">
    <skipped/>
  </testcase> <!-- mensProductsName -->
  <system-out/>
  <testcase classname="com.telus.testcases.TestMethodsTest" name="womenroductsName">
    <skipped/>
  </testcase> <!-- womenroductsName -->
  <system-out/>
</testsuite> <!-- com.telus.testcases.TestMethodsTest -->
